2021-11-23 08:41:45 | /lowprice|
--------------------------------------------------
2021-11-23 08:50:27 | /lowprice|К сожалению ничего не найдено.
--------------------------------------------------
2021-11-23 09:02:43 | /lowprice|
К сожалению ничего не найдено.
--------------------------------------------------
2021-11-23 09:27:20 | /lowprice|
1. Хостел « Дом путешественников Три тритона»
2. Хостелы «Рус — Новосибирск»
--------------------------------------------------
2021-11-23 09:52:46 | /lowprice|
1. easyHotel Amsterdam Zaandam
2. Golden Zaan Hotel Amsterdam Zaandam
3. B&B Hotel Amsterdam-Zaandam
--------------------------------------------------
2021-11-23 09:56:02 | /lowprice|
1. Хостел «Old Flat на Некрасова»
2. Друзья на Достоевского
3. Hostel inn
4. Хостел «Друзья Граффити» 
5. Отель «Друзья на Восстания»
--------------------------------------------------
2021-11-23 11:24:13 | /lowprice|
1. Хостел «Пилигрим»
--------------------------------------------------
2021-11-23 11:28:28 | /lowprice|
1. Хостел «Пилигрим»
--------------------------------------------------
2021-11-23 11:43:03 | /lowprice|
К сожалению ничего не найдено.
--------------------------------------------------
2021-11-23 13:10:49 | /lowprice|
К сожалению ничего не найдено.
--------------------------------------------------
2021-11-23 13:27:34 | /lowprice|
К сожалению ничего не найдено.
--------------------------------------------------
2021-11-23 13:45:13 | /lowprice|
1. Хостел « Дом путешественников Три тритона»
2. Хостелы «Рус — Новосибирск»
3. Хостел Why Not Новосибирск
--------------------------------------------------
2021-11-23 13:47:47 | /lowprice|
К сожалению ничего не найдено.
--------------------------------------------------
2021-11-23 13:48:14 | /lowprice|
К сожалению ничего не найдено.
--------------------------------------------------
2021-11-23 14:17:26 | /lowprice|
1. Хостел «Travel Inn Электрозаводская»
2. Хостел «Сокольники»
3. Отель Стромынка
--------------------------------------------------
2021-11-23 14:46:22 | /lowprice|
1. Хостел «Пилигрим»
--------------------------------------------------
